{"C:\\Users\\cliff\\buwebdev\\web-340\\week-3\\favorite-composers\\src\\composer.js": {"path":"C:\\Users\\cliff\\buwebdev\\web-340\\week-3\\favorite-composers\\src\\composer.js","statementMap":{"0":{"start":{"line":3,"column":18},"end":{"line":8,"column":1}},"1":{"start":{"line":11,"column":2},"end":{"line":11,"column":19}},"2":{"start":{"line":15,"column":2},"end":{"line":19,"column":3}},"3":{"start":{"line":16,"column":4},"end":{"line":18,"column":5}},"4":{"start":{"line":17,"column":6},"end":{"line":17,"column":22}},"5":{"start":{"line":22,"column":0},"end":{"line":25,"column":2}}},"fnMap":{"0":{"name":"getComposers","decl":{"start":{"line":10,"column":9},"end":{"line":10,"column":21}},"loc":{"start":{"line":10,"column":24},"end":{"line":12,"column":1}},"line":10},"1":{"name":"getComposerByLastName","decl":{"start":{"line":14,"column":9},"end":{"line":14,"column":30}},"loc":{"start":{"line":14,"column":41},"end":{"line":20,"column":1}},"line":14}},"branchMap":{"0":{"loc":{"start":{"line":16,"column":4},"end":{"line":18,"column":5}},"type":"if","locations":[{"start":{"line":16,"column":4},"end":{"line":18,"column":5}},{"start":{},"end":{}}],"line":16}},"s":{"0":1,"1":1,"2":1,"3":1,"4":1,"5":1},"f":{"0":1,"1":1},"b":{"0":[1,0]},"_coverageSchema":"1a1c01bbd47fc00a2c39e90264f33305004495a9","hash":"09cf82d38b04cbd431361d9567e2a739c022cf60"}
}
